<html>
<head>
<title>TestNG:  Default test</title>
<link href="../testng.css" rel="stylesheet" type="text/css" />
<link href="../my-testng.css" rel="stylesheet" type="text/css" />

<style type="text/css">
.log { display: none;} 
.stack-trace { display: none;} 
</style>
<script type="text/javascript">
<!--
function flip(e) {
  current = e.style.display;
  if (current == 'block') {
    e.style.display = 'none';
    return 0;
  }
  else {
    e.style.display = 'block';
    return 1;
  }
}

function toggleBox(szDivId, elem, msg1, msg2)
{
  var res = -1;  if (document.getElementById) {
    res = flip(document.getElementById(szDivId));
  }
  else if (document.all) {
    // this is the way old msie versions work
    res = flip(document.all[szDivId]);
  }
  if(elem) {
    if(res == 0) elem.innerHTML = msg1; else elem.innerHTML = msg2;
  }

}

function toggleAllBoxes() {
  if (document.getElementsByTagName) {
    d = document.getElementsByTagName('div');
    for (i = 0; i < d.length; i++) {
      if (d[i].className == 'log') {
        flip(d[i]);
      }
    }
  }
}

// -->
</script>

</head>
<body>
<h2 align='center'>Default test</h2><table border='1' align="center">
<tr>
<td>Tests passed/Failed/Skipped:</td><td>3/0/0</td>
</tr><tr>
<td>Started on:</td><td>Tue Jan 10 16:47:08 IST 2023</td>
</tr>
<tr><td>Total time:</td><td>4 seconds (4187 ms)</td>
</tr><tr>
<td>Included groups:</td><td></td>
</tr><tr>
<td>Excluded groups:</td><td></td>
</tr>
</table><p/>
<small><i>(Hover the method name to see the test class name)</i></small><p/>
<table width='100%' border='1' class='invocation-failed'>
<tr><td colspan='4' align='center'><b>FAILED CONFIGURATIONS</b></td></tr>
<tr><td><b>Test method</b></td>
<td width="30%"><b>Exception</b></td>
<td width="10%"><b>Time (seconds)</b></td>
<td><b>Instance</b></td>
</tr>
<tr>
<td title='com.test.springbdd.support.runners.CucumberTest_Testng.tearDownClass()'><b>tearDownClass</b><br>Test class: com.test.springbdd.support.runners.CucumberTest_Testng</td>
<td><div><pre>java.lang.RuntimeException: javax.net.ssl.SSLException: java.lang.RuntimeException: Unexpected error: java.security.InvalidAlgorithmParameterException: the trustAnchors parameter must be non-empty
	at io.cucumber.core.plugin.MessageFormatter.writeMessage(MessageFormatter.java:34)
	at io.cucumber.core.plugin.MessageFormatter$$Lambda$123/27079155.receive(Unknown Source)
	at io.cucumber.core.eventbus.AbstractEventPublisher.send(AbstractEventPublisher.java:51)
	at io.cucumber.core.eventbus.AbstractEventBus.send(AbstractEventBus.java:12)
	at io.cucumber.core.runtime.SynchronizedEventBus.send(SynchronizedEventBus.java:47)
	at io.cucumber.core.runtime.CucumberExecutionContext.emitTestRunFinished(CucumberExecutionContext.java:132)
	at io.cucumber.core.runtime.CucumberExecutionContext.finishTestRun(CucumberExecutionContext.java:111)
	at io.cucumber.testng.TestNGCucumberRunner.finish(TestNGCucumberRunner.java:145)
	at io.cucumber.testng.AbstractTestNGCucumberTests.tearDownClass(AbstractTestNGCucumberTests.java:57)
	at sun.reflect.NativeMethodAccessorImpl.invoke0(Native Method)
	at sun.reflect.NativeMethodAccessorImpl.invoke(NativeMethodAccessorImpl.java:62)
	at sun.reflect.DelegatingMethodAccessorImpl.invoke(DelegatingMethodAccessorImpl.java:43)
	at java.lang.reflect.Method.invoke(Method.java:497)
	at org.testng.internal.MethodInvocationHelper.invokeMethod(MethodInvocationHelper.java:134)
	at org.testng.internal.MethodInvocationHelper.invokeMethodConsideringTimeout(MethodInvocationHelper.java:63)
	at org.testng.internal.ConfigInvoker.invokeConfigurationMethod(ConfigInvoker.java:348)
	at org.testng.internal.ConfigInvoker.invokeConfigurations(ConfigInvoker.java:302)
	at org.testng.internal.TestMethodWorker.invokeAfterClassMethods(TestMethodWorker.java:217)
	at org.testng.internal.TestMethodWorker.run(TestMethodWorker.java:130)
	at org.testng.TestRunner$$Lambda$46/13138224.accept(Unknown Source)
	at java.util.ArrayList.forEach(ArrayList.java:1249)
	at org.testng.TestRunner.privateRun(TestRunner.java:766)
	at org.testng.TestRunner.run(TestRunner.java:587)
	at org.testng.SuiteRunner.runTest(SuiteRunner.java:384)
	at org.testng.SuiteRunner.runSequentially(SuiteRunner.java:378)
	at org.testng.SuiteRunner.privateRun(SuiteRunner.java:337)
	at org.testng.SuiteRunner.run(SuiteRunner.java:286)
	at org.testng.SuiteRunnerWorker.runSuite(SuiteRunnerWorker.java:53)
	at org.testng.SuiteRunnerWorker.run(SuiteRunnerWorker.java:96)
	at org.testng.TestNG.runSuitesSequentially(TestNG.java:1187)
	at org.testng.TestNG.runSuitesLocally(TestNG.java:1109)
	at org.testng.TestNG.runSuites(TestNG.java:1039)
	at org.testng.TestNG.run(TestNG.java:1007)
	at org.testng.remote.AbstractRemoteTestNG.run(AbstractRemoteTestNG.java:115)
	at org.testng.remote.RemoteTestNG.initAndRun(RemoteTestNG.java:251)
	at org.testng.remote.RemoteTestNG.main(RemoteTestNG.java:77)
Caused by: javax.net.ssl.SSLException: java.lang.RuntimeException: Unexpected error: java.security.InvalidAlgorithmParameterException: the trustAnchors parameter must be non-empty
	at sun.reflect.NativeConstructorAccessorImpl.newInstance0(Native Method)
	at sun.reflect.NativeConstructorAccessorImpl.newInstance(NativeConstructorAccessorImpl.java:62)
	at sun.reflect.DelegatingConstructorAccessorImpl.newInstance(DelegatingConstructorAccessorImpl.java:45)
	at java.lang.reflect.Constructor.newInstance(Constructor.java:422)
	at sun.net.www.protocol.http.HttpURLConnection$10.run(HttpURLConnection.java:1889)
	at sun.net.www.protocol.http.HttpURLConnection$10.run(HttpURLConnection.java:1884)
	at java.security.AccessController.doPrivileged(Native Method)
	at sun.net.www.protocol.http.HttpURLConnection.getChainedException(HttpURLConnection.java:1883)
	at sun.net.www.protocol.http.HttpURLConnection.getInputStream0(HttpURLConnection.java:1456)
	at sun.net.www.protocol.http.HttpURLConnection.getInputStream(HttpURLConnection.java:1440)
	at java.net.HttpURLConnection.getResponseCode(HttpURLConnection.java:480)
	at sun.net.www.protocol.https.HttpsURLConnectionImpl.getResponseCode(HttpsURLConnectionImpl.java:338)
	at io.cucumber.core.plugin.UrlOutputStream.getResponseBody(UrlOutputStream.java:125)
	at io.cucumber.core.plugin.UrlOutputStream.sendRequest(UrlOutputStream.java:87)
	at io.cucumber.core.plugin.UrlOutputStream.close(UrlOutputStream.java:65)
	at sun.nio.cs.StreamEncoder.implClose(StreamEncoder.java:320)
	at sun.nio.cs.StreamEncoder.close(StreamEncoder.java:149)
	at java.io.OutputStreamWriter.close(OutputStreamWriter.java:233)
	at io.cucumber.core.plugin.MessageFormatter.writeMessage(MessageFormatter.java:31)
	... 35 more
Caused by: javax.net.ssl.SSLException: java.lang.RuntimeException: Unexpected error: java.security.InvalidAlgorithmParameterException: the trustAnchors parameter must be non-empty
	at sun.security.ssl.Alerts.getSSLException(Alerts.java:214)
	at sun.security.ssl.SSLSocketImpl.fatal(SSLSocketImpl.java:1958)
	at sun.security.ssl.SSLSocketImpl.fatal(SSLSocketImpl.java:1915)
	at sun.security.ssl.SSLSocketImpl.handleException(SSLSocketImpl.java:1898)
	at sun.security.ssl.SSLSocketImpl.startHandshake(SSLSocketImpl.java:1419)
	at sun.security.ssl.SSLSocketImpl.startHandshake(SSLSocketImpl.java:1396)
	at sun.net.www.protocol.https.HttpsClient.afterConnect(HttpsClient.java:563)
	at sun.net.www.protocol.https.AbstractDelegateHttpsURLConnection.connect(AbstractDelegateHttpsURLConnection.java:185)
	at sun.net.www.protocol.http.HttpURLConnection.getInputStream0(HttpURLConnection.java:1512)
	at sun.net.www.protocol.http.HttpURLConnection.getInputStream(HttpURLConnection.java:1440)
	at sun.net.www.protocol.http.HttpURLConnection.getHeaderFields(HttpURLConnection.java:2965)
	at sun.net.www.protocol.https.HttpsURLConnectionImpl.getHeaderFields(HttpsURLConnectionImpl.java:283)
	at io.cucumber.core.plugin.UrlOutputStream.getResponseBody(UrlOutputStream.java:124)
	... 41 more
Caused by: java.lang.RuntimeException: Unexpected error: java.security.InvalidAlgorithmParameterException: the trustAnchors parameter must be non-empty
	at sun.security.validator.PKIXValidator.&lt;init&gt;(PKIXValidator.java:90)
	at sun.security.validator.Validator.getInstance(Validator.java:179)
	at sun.security.ssl.X509TrustManagerImpl.getValidator(X509TrustManagerImpl.java:312)
	at sun.security.ssl.X509TrustManagerImpl.checkTrustedInit(X509TrustManagerImpl.java:171)
	at sun.security.ssl.X509TrustManagerImpl.checkTrusted(X509TrustManagerImpl.java:184)
	at sun.security.ssl.X509TrustManagerImpl.checkServerTrusted(X509TrustManagerImpl.java:124)
	at sun.security.ssl.ClientHandshaker.serverCertificate(ClientHandshaker.java:1508)
	at sun.security.ssl.ClientHandshaker.processMessage(ClientHandshaker.java:215)
	at sun.security.ssl.Handshaker.processLoop(Handshaker.java:1024)
	at sun.security.ssl.Handshaker.process_record(Handshaker.java:954)
	at sun.security.ssl.SSLSocketImpl.readRecord(SSLSocketImpl.java:1065)
	at sun.security.ssl.SSLSocketImpl.performInitialHandshake(SSLSocketImpl.java:1384)
	at sun.security.ssl.SSLSocketImpl.startHandshake(SSLSocketImpl.java:1412)
	... 49 more
Caused by: java.security.InvalidAlgorithmParameterException: the trustAnchors parameter must be non-empty
	at java.security.cert.PKIXParameters.setTrustAnchors(PKIXParameters.java:200)
	at java.security.cert.PKIXParameters.&lt;init&gt;(PKIXParameters.java:120)
	at java.security.cert.PKIXBuilderParameters.&lt;init&gt;(PKIXBuilderParameters.java:104)
	at sun.security.validator.PKIXValidator.&lt;init&gt;(PKIXValidator.java:88)
	... 61 more
</pre></div><a href='#' onClick='toggleBox("stack-trace21049842", this, "Click to show all stack frames", "Click to hide stack frames")'>Click to show all stack frames</a>
<div class='stack-trace' id='stack-trace21049842'><pre>java.lang.RuntimeException: javax.net.ssl.SSLException: java.lang.RuntimeException: Unexpected error: java.security.InvalidAlgorithmParameterException: the trustAnchors parameter must be non-empty
	at io.cucumber.core.plugin.MessageFormatter.writeMessage(MessageFormatter.java:34)
	at io.cucumber.core.plugin.MessageFormatter$$Lambda$123/27079155.receive(Unknown Source)
	at io.cucumber.core.eventbus.AbstractEventPublisher.send(AbstractEventPublisher.java:51)
	at io.cucumber.core.eventbus.AbstractEventBus.send(AbstractEventBus.java:12)
	at io.cucumber.core.runtime.SynchronizedEventBus.send(SynchronizedEventBus.java:47)
	at io.cucumber.core.runtime.CucumberExecutionContext.emitTestRunFinished(CucumberExecutionContext.java:132)
	at io.cucumber.core.runtime.CucumberExecutionContext.finishTestRun(CucumberExecutionContext.java:111)
	at io.cucumber.testng.TestNGCucumberRunner.finish(TestNGCucumberRunner.java:145)
	at io.cucumber.testng.AbstractTestNGCucumberTests.tearDownClass(AbstractTestNGCucumberTests.java:57)
	at sun.reflect.NativeMethodAccessorImpl.invoke0(Native Method)
	at sun.reflect.NativeMethodAccessorImpl.invoke(NativeMethodAccessorImpl.java:62)
	at sun.reflect.DelegatingMethodAccessorImpl.invoke(DelegatingMethodAccessorImpl.java:43)
	at java.lang.reflect.Method.invoke(Method.java:497)
	at org.testng.internal.MethodInvocationHelper.invokeMethod(MethodInvocationHelper.java:134)
	at org.testng.internal.MethodInvocationHelper.invokeMethodConsideringTimeout(MethodInvocationHelper.java:63)
	at org.testng.internal.ConfigInvoker.invokeConfigurationMethod(ConfigInvoker.java:348)
	at org.testng.internal.ConfigInvoker.invokeConfigurations(ConfigInvoker.java:302)
	at org.testng.internal.TestMethodWorker.invokeAfterClassMethods(TestMethodWorker.java:217)
	at org.testng.internal.TestMethodWorker.run(TestMethodWorker.java:130)
	at org.testng.TestRunner$$Lambda$46/13138224.accept(Unknown Source)
	at java.util.ArrayList.forEach(ArrayList.java:1249)
	at org.testng.TestRunner.privateRun(TestRunner.java:766)
	at org.testng.TestRunner.run(TestRunner.java:587)
	at org.testng.SuiteRunner.runTest(SuiteRunner.java:384)
	at org.testng.SuiteRunner.runSequentially(SuiteRunner.java:378)
	at org.testng.SuiteRunner.privateRun(SuiteRunner.java:337)
	at org.testng.SuiteRunner.run(SuiteRunner.java:286)
	at org.testng.SuiteRunnerWorker.runSuite(SuiteRunnerWorker.java:53)
	at org.testng.SuiteRunnerWorker.run(SuiteRunnerWorker.java:96)
	at org.testng.TestNG.runSuitesSequentially(TestNG.java:1187)
	at org.testng.TestNG.runSuitesLocally(TestNG.java:1109)
	at org.testng.TestNG.runSuites(TestNG.java:1039)
	at org.testng.TestNG.run(TestNG.java:1007)
	at org.testng.remote.AbstractRemoteTestNG.run(AbstractRemoteTestNG.java:115)
	at org.testng.remote.RemoteTestNG.initAndRun(RemoteTestNG.java:251)
	at org.testng.remote.RemoteTestNG.main(RemoteTestNG.java:77)
Caused by: javax.net.ssl.SSLException: java.lang.RuntimeException: Unexpected error: java.security.InvalidAlgorithmParameterException: the trustAnchors parameter must be non-empty
	at sun.reflect.NativeConstructorAccessorImpl.newInstance0(Native Method)
	at sun.reflect.NativeConstructorAccessorImpl.newInstance(NativeConstructorAccessorImpl.java:62)
	at sun.reflect.DelegatingConstructorAccessorImpl.newInstance(DelegatingConstructorAccessorImpl.java:45)
	at java.lang.reflect.Constructor.newInstance(Constructor.java:422)
	at sun.net.www.protocol.http.HttpURLConnection$10.run(HttpURLConnection.java:1889)
	at sun.net.www.protocol.http.HttpURLConnection$10.run(HttpURLConnection.java:1884)
	at java.security.AccessController.doPrivileged(Native Method)
	at sun.net.www.protocol.http.HttpURLConnection.getChainedException(HttpURLConnection.java:1883)
	at sun.net.www.protocol.http.HttpURLConnection.getInputStream0(HttpURLConnection.java:1456)
	at sun.net.www.protocol.http.HttpURLConnection.getInputStream(HttpURLConnection.java:1440)
	at java.net.HttpURLConnection.getResponseCode(HttpURLConnection.java:480)
	at sun.net.www.protocol.https.HttpsURLConnectionImpl.getResponseCode(HttpsURLConnectionImpl.java:338)
	at io.cucumber.core.plugin.UrlOutputStream.getResponseBody(UrlOutputStream.java:125)
	at io.cucumber.core.plugin.UrlOutputStream.sendRequest(UrlOutputStream.java:87)
	at io.cucumber.core.plugin.UrlOutputStream.close(UrlOutputStream.java:65)
	at sun.nio.cs.StreamEncoder.implClose(StreamEncoder.java:320)
	at sun.nio.cs.StreamEncoder.close(StreamEncoder.java:149)
	at java.io.OutputStreamWriter.close(OutputStreamWriter.java:233)
	at io.cucumber.core.plugin.MessageFormatter.writeMessage(MessageFormatter.java:31)
	... 35 more
Caused by: javax.net.ssl.SSLException: java.lang.RuntimeException: Unexpected error: java.security.InvalidAlgorithmParameterException: the trustAnchors parameter must be non-empty
	at sun.security.ssl.Alerts.getSSLException(Alerts.java:214)
	at sun.security.ssl.SSLSocketImpl.fatal(SSLSocketImpl.java:1958)
	at sun.security.ssl.SSLSocketImpl.fatal(SSLSocketImpl.java:1915)
	at sun.security.ssl.SSLSocketImpl.handleException(SSLSocketImpl.java:1898)
	at sun.security.ssl.SSLSocketImpl.startHandshake(SSLSocketImpl.java:1419)
	at sun.security.ssl.SSLSocketImpl.startHandshake(SSLSocketImpl.java:1396)
	at sun.net.www.protocol.https.HttpsClient.afterConnect(HttpsClient.java:563)
	at sun.net.www.protocol.https.AbstractDelegateHttpsURLConnection.connect(AbstractDelegateHttpsURLConnection.java:185)
	at sun.net.www.protocol.http.HttpURLConnection.getInputStream0(HttpURLConnection.java:1512)
	at sun.net.www.protocol.http.HttpURLConnection.getInputStream(HttpURLConnection.java:1440)
	at sun.net.www.protocol.http.HttpURLConnection.getHeaderFields(HttpURLConnection.java:2965)
	at sun.net.www.protocol.https.HttpsURLConnectionImpl.getHeaderFields(HttpsURLConnectionImpl.java:283)
	at io.cucumber.core.plugin.UrlOutputStream.getResponseBody(UrlOutputStream.java:124)
	... 41 more
Caused by: java.lang.RuntimeException: Unexpected error: java.security.InvalidAlgorithmParameterException: the trustAnchors parameter must be non-empty
	at sun.security.validator.PKIXValidator.&lt;init&gt;(PKIXValidator.java:90)
	at sun.security.validator.Validator.getInstance(Validator.java:179)
	at sun.security.ssl.X509TrustManagerImpl.getValidator(X509TrustManagerImpl.java:312)
	at sun.security.ssl.X509TrustManagerImpl.checkTrustedInit(X509TrustManagerImpl.java:171)
	at sun.security.ssl.X509TrustManagerImpl.checkTrusted(X509TrustManagerImpl.java:184)
	at sun.security.ssl.X509TrustManagerImpl.checkServerTrusted(X509TrustManagerImpl.java:124)
	at sun.security.ssl.ClientHandshaker.serverCertificate(ClientHandshaker.java:1508)
	at sun.security.ssl.ClientHandshaker.processMessage(ClientHandshaker.java:215)
	at sun.security.ssl.Handshaker.processLoop(Handshaker.java:1024)
	at sun.security.ssl.Handshaker.process_record(Handshaker.java:954)
	at sun.security.ssl.SSLSocketImpl.readRecord(SSLSocketImpl.java:1065)
	at sun.security.ssl.SSLSocketImpl.performInitialHandshake(SSLSocketImpl.java:1384)
	at sun.security.ssl.SSLSocketImpl.startHandshake(SSLSocketImpl.java:1412)
	... 49 more
Caused by: java.security.InvalidAlgorithmParameterException: the trustAnchors parameter must be non-empty
	at java.security.cert.PKIXParameters.setTrustAnchors(PKIXParameters.java:200)
	at java.security.cert.PKIXParameters.&lt;init&gt;(PKIXParameters.java:120)
	at java.security.cert.PKIXBuilderParameters.&lt;init&gt;(PKIXBuilderParameters.java:104)
	at sun.security.validator.PKIXValidator.&lt;init&gt;(PKIXValidator.java:88)
	... 61 more
</pre></div></td>
<td>0</td>
<td>com.test.springbdd.support.runners.CucumberTest_Testng@438a68</td></tr>
</table><p>
<table width='100%' border='1' class='invocation-passed'>
<tr><td colspan='4' align='center'><b>PASSED TESTS</b></td></tr>
<tr><td><b>Test method</b></td>
<td width="30%"><b>Exception</b></td>
<td width="10%"><b>Time (seconds)</b></td>
<td><b>Instance</b></td>
</tr>
<tr>
<td title='com.test.springbdd.support.runners.CucumberTest_Testng.runScenario()'><b>runScenario</b><br>Test class: com.test.springbdd.support.runners.CucumberTest_Testng<br>Test method: Runs Cucumber Scenarios<br>Parameters: "Verify end to end Structured Settlement for PolicyMaster LOB I", "Verify end to end Structured Settlement (PolicyMaster)"</td>
<td></td>
<td>2</td>
<td>com.test.springbdd.support.runners.CucumberTest_Testng@438a68</td></tr>
<tr>
<td title='com.test.springbdd.support.runners.CucumberTest_Testng.runScenario()'><b>runScenario</b><br>Test class: com.test.springbdd.support.runners.CucumberTest_Testng<br>Test method: Runs Cucumber Scenarios<br>Parameters: "Verify end to end Structured Settlement for PolicyMaster LOB L", "Verify end to end Structured Settlement (PolicyMaster)"</td>
<td></td>
<td>0</td>
<td>com.test.springbdd.support.runners.CucumberTest_Testng@438a68</td></tr>
<tr>
<td title='com.test.springbdd.support.runners.CucumberTest_Testng.runScenario()'><b>runScenario</b><br>Test class: com.test.springbdd.support.runners.CucumberTest_Testng<br>Test method: Runs Cucumber Scenarios<br>Parameters: "Check login with valid credentials", "Login functionality test."</td>
<td></td>
<td>0</td>
<td>com.test.springbdd.support.runners.CucumberTest_Testng@438a68</td></tr>
</table><p>
</body>
</html>