<?xml version="1.0" encoding="UTF-8"?>
<!-- Generated by org.testng.reporters.JUnitReportReporter -->
<testsuite skipped="0" hostname="LAPTOP-PN2VQ4SO" name="com.test.springbdd.support.runners.CucumberTest_Testng" tests="4" failures="0" timestamp="2023-01-10T17:07:43 IST" time="4.126" errors="1">
  <testcase name="tearDownClass" time="0.131" classname="com.test.springbdd.support.runners.CucumberTest_Testng">
    <error type="java.lang.RuntimeException" message="javax.net.ssl.SSLException: java.lang.RuntimeException: Unexpected error: java.security.InvalidAlgorithmParameterException: the trustAnchors parameter must be non-empty">
      <![CDATA[java.lang.RuntimeException: javax.net.ssl.SSLException: java.lang.RuntimeException: Unexpected error: java.security.InvalidAlgorithmParameterException: the trustAnchors parameter must be non-empty
at io.cucumber.core.plugin.MessageFormatter.writeMessage(MessageFormatter.java:34)
at io.cucumber.core.plugin.MessageFormatter$$Lambda$123/7414374.receive(Unknown Source)
at io.cucumber.core.eventbus.AbstractEventPublisher.send(AbstractEventPublisher.java:51)
at io.cucumber.core.eventbus.AbstractEventBus.send(AbstractEventBus.java:12)
at io.cucumber.core.runtime.SynchronizedEventBus.send(SynchronizedEventBus.java:47)
at io.cucumber.core.runtime.CucumberExecutionContext.emitTestRunFinished(CucumberExecutionContext.java:132)
at io.cucumber.core.runtime.CucumberExecutionContext.finishTestRun(CucumberExecutionContext.java:111)
at io.cucumber.testng.TestNGCucumberRunner.finish(TestNGCucumberRunner.java:145)
at io.cucumber.testng.AbstractTestNGCucumberTests.tearDownClass(AbstractTestNGCucumberTests.java:57)
at sun.reflect.NativeMethodAccessorImpl.invoke0(Native Method)
at sun.reflect.NativeMethodAccessorImpl.invoke(NativeMethodAccessorImpl.java:62)
at sun.reflect.DelegatingMethodAccessorImpl.invoke(DelegatingMethodAccessorImpl.java:43)
at java.lang.reflect.Method.invoke(Method.java:497)
at org.testng.internal.MethodInvocationHelper.invokeMethod(MethodInvocationHelper.java:134)
at org.testng.internal.MethodInvocationHelper.invokeMethodConsideringTimeout(MethodInvocationHelper.java:63)
at org.testng.internal.ConfigInvoker.invokeConfigurationMethod(ConfigInvoker.java:348)
at org.testng.internal.ConfigInvoker.invokeConfigurations(ConfigInvoker.java:302)
at org.testng.internal.TestMethodWorker.invokeAfterClassMethods(TestMethodWorker.java:217)
at org.testng.internal.TestMethodWorker.run(TestMethodWorker.java:130)
at org.testng.TestRunner$$Lambda$46/1044766.accept(Unknown Source)
at java.util.ArrayList.forEach(ArrayList.java:1249)
at org.testng.TestRunner.privateRun(TestRunner.java:766)
at org.testng.TestRunner.run(TestRunner.java:587)
at org.testng.SuiteRunner.runTest(SuiteRunner.java:384)
at org.testng.SuiteRunner.access$000(SuiteRunner.java:28)
at org.testng.SuiteRunner$SuiteWorker.run(SuiteRunner.java:425)
at org.testng.internal.thread.ThreadUtil.lambda$execute$0(ThreadUtil.java:68)
at org.testng.internal.thread.ThreadUtil$$Lambda$39/4241241.call(Unknown Source)
at java.util.concurrent.FutureTask.run(FutureTask.java:266)
at java.util.concurrent.ThreadPoolExecutor.runWorker(ThreadPoolExecutor.java:1142)
at java.util.concurrent.ThreadPoolExecutor$Worker.run(ThreadPoolExecutor.java:617)
at java.lang.Thread.run(Thread.java:745)
Caused by: javax.net.ssl.SSLException: java.lang.RuntimeException: Unexpected error: java.security.InvalidAlgorithmParameterException: the trustAnchors parameter must be non-empty
at sun.reflect.NativeConstructorAccessorImpl.newInstance0(Native Method)
at sun.reflect.NativeConstructorAccessorImpl.newInstance(NativeConstructorAccessorImpl.java:62)
at sun.reflect.DelegatingConstructorAccessorImpl.newInstance(DelegatingConstructorAccessorImpl.java:45)
at java.lang.reflect.Constructor.newInstance(Constructor.java:422)
at sun.net.www.protocol.http.HttpURLConnection$10.run(HttpURLConnection.java:1889)
at sun.net.www.protocol.http.HttpURLConnection$10.run(HttpURLConnection.java:1884)
at java.security.AccessController.doPrivileged(Native Method)
at sun.net.www.protocol.http.HttpURLConnection.getChainedException(HttpURLConnection.java:1883)
at sun.net.www.protocol.http.HttpURLConnection.getInputStream0(HttpURLConnection.java:1456)
at sun.net.www.protocol.http.HttpURLConnection.getInputStream(HttpURLConnection.java:1440)
at java.net.HttpURLConnection.getResponseCode(HttpURLConnection.java:480)
at sun.net.www.protocol.https.HttpsURLConnectionImpl.getResponseCode(HttpsURLConnectionImpl.java:338)
at io.cucumber.core.plugin.UrlOutputStream.getResponseBody(UrlOutputStream.java:125)
at io.cucumber.core.plugin.UrlOutputStream.sendRequest(UrlOutputStream.java:87)
at io.cucumber.core.plugin.UrlOutputStream.close(UrlOutputStream.java:65)
at sun.nio.cs.StreamEncoder.implClose(StreamEncoder.java:320)
at sun.nio.cs.StreamEncoder.close(StreamEncoder.java:149)
at java.io.OutputStreamWriter.close(OutputStreamWriter.java:233)
at io.cucumber.core.plugin.MessageFormatter.writeMessage(MessageFormatter.java:31)
... 31 more
Caused by: javax.net.ssl.SSLException: java.lang.RuntimeException: Unexpected error: java.security.InvalidAlgorithmParameterException: the trustAnchors parameter must be non-empty
at sun.security.ssl.Alerts.getSSLException(Alerts.java:214)
at sun.security.ssl.SSLSocketImpl.fatal(SSLSocketImpl.java:1958)
at sun.security.ssl.SSLSocketImpl.fatal(SSLSocketImpl.java:1915)
at sun.security.ssl.SSLSocketImpl.handleException(SSLSocketImpl.java:1898)
at sun.security.ssl.SSLSocketImpl.startHandshake(SSLSocketImpl.java:1419)
at sun.security.ssl.SSLSocketImpl.startHandshake(SSLSocketImpl.java:1396)
at sun.net.www.protocol.https.HttpsClient.afterConnect(HttpsClient.java:563)
at sun.net.www.protocol.https.AbstractDelegateHttpsURLConnection.connect(AbstractDelegateHttpsURLConnection.java:185)
at sun.net.www.protocol.http.HttpURLConnection.getInputStream0(HttpURLConnection.java:1512)
at sun.net.www.protocol.http.HttpURLConnection.getInputStream(HttpURLConnection.java:1440)
at sun.net.www.protocol.http.HttpURLConnection.getHeaderFields(HttpURLConnection.java:2965)
at sun.net.www.protocol.https.HttpsURLConnectionImpl.getHeaderFields(HttpsURLConnectionImpl.java:283)
at io.cucumber.core.plugin.UrlOutputStream.getResponseBody(UrlOutputStream.java:124)
... 37 more
Caused by: java.lang.RuntimeException: Unexpected error: java.security.InvalidAlgorithmParameterException: the trustAnchors parameter must be non-empty
at sun.security.validator.PKIXValidator.<init>(PKIXValidator.java:90)
at sun.security.validator.Validator.getInstance(Validator.java:179)
at sun.security.ssl.X509TrustManagerImpl.getValidator(X509TrustManagerImpl.java:312)
at sun.security.ssl.X509TrustManagerImpl.checkTrustedInit(X509TrustManagerImpl.java:171)
at sun.security.ssl.X509TrustManagerImpl.checkTrusted(X509TrustManagerImpl.java:184)
at sun.security.ssl.X509TrustManagerImpl.checkServerTrusted(X509TrustManagerImpl.java:124)
at sun.security.ssl.ClientHandshaker.serverCertificate(ClientHandshaker.java:1508)
at sun.security.ssl.ClientHandshaker.processMessage(ClientHandshaker.java:215)
at sun.security.ssl.Handshaker.processLoop(Handshaker.java:1024)
at sun.security.ssl.Handshaker.process_record(Handshaker.java:954)
at sun.security.ssl.SSLSocketImpl.readRecord(SSLSocketImpl.java:1065)
at sun.security.ssl.SSLSocketImpl.performInitialHandshake(SSLSocketImpl.java:1384)
at sun.security.ssl.SSLSocketImpl.startHandshake(SSLSocketImpl.java:1412)
... 45 more
Caused by: java.security.InvalidAlgorithmParameterException: the trustAnchors parameter must be non-empty
at java.security.cert.PKIXParameters.setTrustAnchors(PKIXParameters.java:200)
at java.security.cert.PKIXParameters.<init>(PKIXParameters.java:120)
at java.security.cert.PKIXBuilderParameters.<init>(PKIXBuilderParameters.java:104)
at sun.security.validator.PKIXValidator.<init>(PKIXValidator.java:88)
... 57 more
]]>
    </error>
  </testcase> <!-- tearDownClass -->
  <system-out/>
  <testcase name="runScenario" time="3.866" classname="com.test.springbdd.support.runners.CucumberTest_Testng"/>
  <system-out/>
  <testcase name="runScenario" time="0.066" classname="com.test.springbdd.support.runners.CucumberTest_Testng"/>
  <system-out/>
  <testcase name="runScenario" time="0.063" classname="com.test.springbdd.support.runners.CucumberTest_Testng"/>
  <system-out/>
</testsuite> <!-- com.test.springbdd.support.runners.CucumberTest_Testng -->
